02/07/2014 01:02:49 (Std) 	+-+-+-+-+-+-+-+-+-+-+-+-+-+-+-+-+-+-+-+-+-+-+-+-+-+-+-+-+-+-+-+-+-+-+-+-+-+-+-+
02/07/2014 01:02:49 (Std) 	+                     Crazy Eddie's GUI System - Event log                    +
02/07/2014 01:02:49 (Std) 	+                          (http://www.cegui.org.uk/)                         +
02/07/2014 01:02:49 (Std) 	+-+-+-+-+-+-+-+-+-+-+-+-+-+-+-+-+-+-+-+-+-+-+-+-+-+-+-+-+-+-+-+-+-+-+-+-+-+-+-+

02/07/2014 01:02:49 (Std) 	CEGUI::Logger singleton created. (01E25E70)
02/07/2014 01:02:49 (Std) 	
02/07/2014 01:02:49 (Std) 	********************************************************************************
02/07/2014 01:02:49 (Std) 	* Important:                                                                   *
02/07/2014 01:02:49 (Std) 	*     To get support at the CEGUI forums, you must post _at least_ the section *
02/07/2014 01:02:49 (Std) 	*     of this log file indicated below.  Failure to do this will result in no  *
02/07/2014 01:02:49 (Std) 	*     support being given; please do not waste our time.                       *
02/07/2014 01:02:49 (Std) 	********************************************************************************
02/07/2014 01:02:49 (Std) 	********************************************************************************
02/07/2014 01:02:49 (Std) 	* -------- START OF ESSENTIAL SECTION TO BE POSTED ON THE FORUM       -------- *
02/07/2014 01:02:49 (Std) 	********************************************************************************
02/07/2014 01:02:49 (Std) 	---- Version 0.7.9 (Build: Jun 29 2014 Microsoft Windows MSVC++ 10.0 32 bit) ----
02/07/2014 01:02:49 (Std) 	---- Renderer module is: CEGUI::OgreRenderer - Official OGRE based 2nd generation renderer module. ----
02/07/2014 01:02:49 (Std) 	---- XML Parser module is: CEGUI::ExpatParser - Official expat based parser module for CEGUI ----
02/07/2014 01:02:49 (Std) 	---- Image Codec module is: OgreImageCodec - Integrated ImageCodec using the Ogre engine. ----
02/07/2014 01:02:49 (Std) 	---- Scripting module is: None ----
02/07/2014 01:02:49 (Std) 	********************************************************************************
02/07/2014 01:02:49 (Std) 	* -------- END OF ESSENTIAL SECTION TO BE POSTED ON THE FORUM         -------- *
02/07/2014 01:02:49 (Std) 	********************************************************************************
02/07/2014 01:02:49 (Std) 	
02/07/2014 01:02:49 (Std) 	---- Begining CEGUI System initialisation ----
02/07/2014 01:02:49 (Std) 	CEGUI::ImagesetManager singleton created (01E42720)
02/07/2014 01:02:49 (Std) 	CEGUI::FontManager singleton created. (01E29158)
02/07/2014 01:02:49 (Std) 	CEGUI::WindowFactoryManager singleton created
02/07/2014 01:02:49 (Std) 	CEGUI::WindowManager singleton created (01E3C178)
02/07/2014 01:02:49 (Std) 	CEGUI::SchemeManager singleton created. (01E28B48)
02/07/2014 01:02:49 (Std) 	CEGUI::MouseCursor singleton created. (01E427F0)
02/07/2014 01:02:49 (Std) 	CEGUI::GlobalEventSet singleton created. (01E23508)
02/07/2014 01:02:49 (Std) 	CEGUI::AnimationManager singleton created (01E1FFF8)
02/07/2014 01:02:49 (Std) 	CEGUI::WidgetLookManager singleton created. (01E212F8)
02/07/2014 01:02:49 (Std) 	CEGUI::WindowRendererManager singleton created (01E212B0)
02/07/2014 01:02:49 (Std) 	CEGUI::RenderEffectManager singleton created (01E23530)
02/07/2014 01:02:49 (Std) 	Created WindowFactory for 'DefaultWindow' windows.
02/07/2014 01:02:49 (Std) 	WindowFactory for 'DefaultWindow' windows added. (01E292E8)
02/07/2014 01:02:49 (Std) 	Created WindowFactory for 'DragContainer' windows.
02/07/2014 01:02:49 (Std) 	WindowFactory for 'DragContainer' windows added. (01E2ABB0)
02/07/2014 01:02:49 (Std) 	Created WindowFactory for 'ScrolledContainer' windows.
02/07/2014 01:02:49 (Std) 	WindowFactory for 'ScrolledContainer' windows added. (01E2AC58)
02/07/2014 01:02:49 (Std) 	Created WindowFactory for 'ClippedContainer' windows.
02/07/2014 01:02:49 (Std) 	WindowFactory for 'ClippedContainer' windows added. (01E2AD00)
02/07/2014 01:02:49 (Std) 	Created WindowFactory for 'CEGUI/Checkbox' windows.
02/07/2014 01:02:49 (Std) 	WindowFactory for 'CEGUI/Checkbox' windows added. (01E2ADA8)
02/07/2014 01:02:49 (Std) 	Created WindowFactory for 'CEGUI/PushButton' windows.
02/07/2014 01:02:49 (Std) 	WindowFactory for 'CEGUI/PushButton' windows added. (01E2AE50)
02/07/2014 01:02:49 (Std) 	Created WindowFactory for 'CEGUI/RadioButton' windows.
02/07/2014 01:02:49 (Std) 	WindowFactory for 'CEGUI/RadioButton' windows added. (01E2AEF8)
02/07/2014 01:02:49 (Std) 	Created WindowFactory for 'CEGUI/Combobox' windows.
02/07/2014 01:02:49 (Std) 	WindowFactory for 'CEGUI/Combobox' windows added. (01E2AFA0)
02/07/2014 01:02:49 (Std) 	Created WindowFactory for 'CEGUI/ComboDropList' windows.
02/07/2014 01:02:49 (Std) 	WindowFactory for 'CEGUI/ComboDropList' windows added. (01E2B048)
02/07/2014 01:02:49 (Std) 	Created WindowFactory for 'CEGUI/Editbox' windows.
02/07/2014 01:02:49 (Std) 	WindowFactory for 'CEGUI/Editbox' windows added. (01E2B0F0)
02/07/2014 01:02:49 (Std) 	Created WindowFactory for 'CEGUI/FrameWindow' windows.
02/07/2014 01:02:49 (Std) 	WindowFactory for 'CEGUI/FrameWindow' windows added. (01E2B198)
02/07/2014 01:02:49 (Std) 	Created WindowFactory for 'CEGUI/ItemEntry' windows.
02/07/2014 01:02:49 (Std) 	WindowFactory for 'CEGUI/ItemEntry' windows added. (01E2B240)
02/07/2014 01:02:49 (Std) 	Created WindowFactory for 'CEGUI/Listbox' windows.
02/07/2014 01:02:49 (Std) 	WindowFactory for 'CEGUI/Listbox' windows added. (01E2B2E8)
02/07/2014 01:02:49 (Std) 	Created WindowFactory for 'CEGUI/ListHeader' windows.
02/07/2014 01:02:49 (Std) 	WindowFactory for 'CEGUI/ListHeader' windows added. (01E2B390)
02/07/2014 01:02:49 (Std) 	Created WindowFactory for 'CEGUI/ListHeaderSegment' windows.
02/07/2014 01:02:49 (Std) 	WindowFactory for 'CEGUI/ListHeaderSegment' windows added. (01E2B438)
02/07/2014 01:02:49 (Std) 	Created WindowFactory for 'CEGUI/Menubar' windows.
02/07/2014 01:02:49 (Std) 	WindowFactory for 'CEGUI/Menubar' windows added. (01E2B4E0)
02/07/2014 01:02:49 (Std) 	Created WindowFactory for 'CEGUI/PopupMenu' windows.
02/07/2014 01:02:49 (Std) 	WindowFactory for 'CEGUI/PopupMenu' windows added. (01E2B588)
02/07/2014 01:02:49 (Std) 	Created WindowFactory for 'CEGUI/MenuItem' windows.
02/07/2014 01:02:49 (Std) 	WindowFactory for 'CEGUI/MenuItem' windows added. (01E2B630)
02/07/2014 01:02:49 (Std) 	Created WindowFactory for 'CEGUI/MultiColumnList' windows.
02/07/2014 01:02:49 (Std) 	WindowFactory for 'CEGUI/MultiColumnList' windows added. (01E2B6D8)
02/07/2014 01:02:49 (Std) 	Created WindowFactory for 'CEGUI/MultiLineEditbox' windows.
02/07/2014 01:02:49 (Std) 	WindowFactory for 'CEGUI/MultiLineEditbox' windows added. (01E2B780)
02/07/2014 01:02:49 (Std) 	Created WindowFactory for 'CEGUI/ProgressBar' windows.
02/07/2014 01:02:49 (Std) 	WindowFactory for 'CEGUI/ProgressBar' windows added. (01E2B828)
02/07/2014 01:02:49 (Std) 	Created WindowFactory for 'CEGUI/ScrollablePane' windows.
02/07/2014 01:02:49 (Std) 	WindowFactory for 'CEGUI/ScrollablePane' windows added. (01E2B8D0)
02/07/2014 01:02:49 (Std) 	Created WindowFactory for 'CEGUI/Scrollbar' windows.
02/07/2014 01:02:49 (Std) 	WindowFactory for 'CEGUI/Scrollbar' windows added. (01E2B978)
02/07/2014 01:02:49 (Std) 	Created WindowFactory for 'CEGUI/Slider' windows.
02/07/2014 01:02:49 (Std) 	WindowFactory for 'CEGUI/Slider' windows added. (01E2BA20)
02/07/2014 01:02:49 (Std) 	Created WindowFactory for 'CEGUI/Spinner' windows.
02/07/2014 01:02:49 (Std) 	WindowFactory for 'CEGUI/Spinner' windows added. (01E2BAC8)
02/07/2014 01:02:49 (Std) 	Created WindowFactory for 'CEGUI/TabButton' windows.
02/07/2014 01:02:49 (Std) 	WindowFactory for 'CEGUI/TabButton' windows added. (01E2F3B8)
02/07/2014 01:02:49 (Std) 	Created WindowFactory for 'CEGUI/TabControl' windows.
02/07/2014 01:02:49 (Std) 	WindowFactory for 'CEGUI/TabControl' windows added. (01E2F460)
02/07/2014 01:02:49 (Std) 	Created WindowFactory for 'CEGUI/Thumb' windows.
02/07/2014 01:02:49 (Std) 	WindowFactory for 'CEGUI/Thumb' windows added. (01E2F508)
02/07/2014 01:02:49 (Std) 	Created WindowFactory for 'CEGUI/Titlebar' windows.
02/07/2014 01:02:49 (Std) 	WindowFactory for 'CEGUI/Titlebar' windows added. (01E2F5B0)
02/07/2014 01:02:49 (Std) 	Created WindowFactory for 'CEGUI/Tooltip' windows.
02/07/2014 01:02:49 (Std) 	WindowFactory for 'CEGUI/Tooltip' windows added. (01E2F658)
02/07/2014 01:02:49 (Std) 	Created WindowFactory for 'CEGUI/ItemListbox' windows.
02/07/2014 01:02:49 (Std) 	WindowFactory for 'CEGUI/ItemListbox' windows added. (01E2F700)
02/07/2014 01:02:49 (Std) 	Created WindowFactory for 'CEGUI/GroupBox' windows.
02/07/2014 01:02:49 (Std) 	WindowFactory for 'CEGUI/GroupBox' windows added. (01E2F7A8)
02/07/2014 01:02:49 (Std) 	Created WindowFactory for 'CEGUI/Tree' windows.
02/07/2014 01:02:49 (Std) 	WindowFactory for 'CEGUI/Tree' windows added. (01E2F850)
02/07/2014 01:02:49 (Std) 	Created WindowFactory for 'HorizontalLayoutContainer' windows.
02/07/2014 01:02:49 (Std) 	WindowFactory for 'HorizontalLayoutContainer' windows added. (01E2F8F8)
02/07/2014 01:02:49 (Std) 	Created WindowFactory for 'VerticalLayoutContainer' windows.
02/07/2014 01:02:49 (Std) 	WindowFactory for 'VerticalLayoutContainer' windows added. (01E2F9A0)
02/07/2014 01:02:49 (Std) 	Created WindowFactory for 'GridLayoutContainer' windows.
02/07/2014 01:02:49 (Std) 	WindowFactory for 'GridLayoutContainer' windows added. (01E2FA48)
02/07/2014 01:02:49 (Std) 	Window type alias named 'DefaultGUISheet' added for window type 'DefaultWindow'.
02/07/2014 01:02:49 (Std) 	CEGUI::System singleton created. (01E42408)
02/07/2014 01:02:49 (Std) 	---- CEGUI System initialisation completed ----
02/07/2014 01:02:49 (Std) 	
02/07/2014 01:02:49 (Std) 	Started creation of Scheme from XML specification:
02/07/2014 01:02:49 (Std) 	---- CEGUI GUIScheme name: TaharezLook
02/07/2014 01:02:49 (Std) 	Started creation of Imageset from XML specification:
02/07/2014 01:02:49 (Std) 	---- CEGUI Imageset name: TaharezLook
02/07/2014 01:02:49 (Std) 	---- Source texture file: TaharezLook.tga in resource group: (Default)
02/07/2014 01:02:49 (Std) 	Started creation of Font from XML specification:
02/07/2014 01:02:49 (Std) 	---- CEGUI font name: DejaVuSans-10
02/07/2014 01:02:49 (Std) 	----       Font type: FreeType
02/07/2014 01:02:49 (Std) 	----     Source file: DejaVuSans.ttf in resource group: (Default)
02/07/2014 01:02:49 (Std) 	---- Real point size: 10
02/07/2014 01:02:49 (Std) 	===== Falagard 'root' element: look and feel parsing begins =====
02/07/2014 01:02:49 (Std) 	===== Look and feel parsing completed =====
02/07/2014 01:02:49 (Std) 	No window renderer factories specified for module 'CEGUIFalagardWRBase' - adding all available factories...
02/07/2014 01:02:49 (Std) 	Created WindowRendererFactory for 'Falagard/Button' WindowRenderers.
02/07/2014 01:02:49 (Std) 	WindowRendererFactory 'Falagard/Button' added. (01E2FEE0)
02/07/2014 01:02:49 (Std) 	Created WindowRendererFactory for 'Falagard/Default' WindowRenderers.
02/07/2014 01:02:49 (Std) 	WindowRendererFactory 'Falagard/Default' added. (01E30378)
02/07/2014 01:02:49 (Std) 	Created WindowRendererFactory for 'Falagard/Editbox' WindowRenderers.
02/07/2014 01:02:49 (Std) 	WindowRendererFactory 'Falagard/Editbox' added. (01E30768)
02/07/2014 01:02:49 (Std) 	Created WindowRendererFactory for 'Falagard/FrameWindow' WindowRenderers.
02/07/2014 01:02:49 (Std) 	WindowRendererFactory 'Falagard/FrameWindow' added. (01E30810)
02/07/2014 01:02:49 (Std) 	Created WindowRendererFactory for 'Falagard/ItemEntry' WindowRenderers.
02/07/2014 01:02:49 (Std) 	WindowRendererFactory 'Falagard/ItemEntry' added. (01E308B8)
02/07/2014 01:02:49 (Std) 	Created WindowRendererFactory for 'Falagard/ListHeader' WindowRenderers.
02/07/2014 01:02:49 (Std) 	WindowRendererFactory 'Falagard/ListHeader' added. (01E30960)
02/07/2014 01:02:49 (Std) 	Created WindowRendererFactory for 'Falagard/ListHeaderSegment' WindowRenderers.
02/07/2014 01:02:49 (Std) 	WindowRendererFactory 'Falagard/ListHeaderSegment' added. (01E30A08)
02/07/2014 01:02:49 (Std) 	Created WindowRendererFactory for 'Falagard/Listbox' WindowRenderers.
02/07/2014 01:02:49 (Std) 	WindowRendererFactory 'Falagard/Listbox' added. (01E30AB0)
02/07/2014 01:02:49 (Std) 	Created WindowRendererFactory for 'Falagard/Menubar' WindowRenderers.
02/07/2014 01:02:49 (Std) 	WindowRendererFactory 'Falagard/Menubar' added. (01E30B58)
02/07/2014 01:02:49 (Std) 	Created WindowRendererFactory for 'Falagard/MenuItem' WindowRenderers.
02/07/2014 01:02:49 (Std) 	WindowRendererFactory 'Falagard/MenuItem' added. (01E30C00)
02/07/2014 01:02:49 (Std) 	Created WindowRendererFactory for 'Falagard/MultiColumnList' WindowRenderers.
02/07/2014 01:02:49 (Std) 	WindowRendererFactory 'Falagard/MultiColumnList' added. (01E30CA8)
02/07/2014 01:02:49 (Std) 	Created WindowRendererFactory for 'Falagard/MultiLineEditbox' WindowRenderers.
02/07/2014 01:02:49 (Std) 	WindowRendererFactory 'Falagard/MultiLineEditbox' added. (01E30D50)
02/07/2014 01:02:49 (Std) 	Created WindowRendererFactory for 'Falagard/PopupMenu' WindowRenderers.
02/07/2014 01:02:49 (Std) 	WindowRendererFactory 'Falagard/PopupMenu' added. (01E30DF8)
02/07/2014 01:02:49 (Std) 	Created WindowRendererFactory for 'Falagard/ProgressBar' WindowRenderers.
02/07/2014 01:02:49 (Std) 	WindowRendererFactory 'Falagard/ProgressBar' added. (01E30EA0)
02/07/2014 01:02:49 (Std) 	Created WindowRendererFactory for 'Falagard/ScrollablePane' WindowRenderers.
02/07/2014 01:02:49 (Std) 	WindowRendererFactory 'Falagard/ScrollablePane' added. (01E30F48)
02/07/2014 01:02:49 (Std) 	Created WindowRendererFactory for 'Falagard/Scrollbar' WindowRenderers.
02/07/2014 01:02:49 (Std) 	WindowRendererFactory 'Falagard/Scrollbar' added. (01E30FF0)
02/07/2014 01:02:49 (Std) 	Created WindowRendererFactory for 'Falagard/Slider' WindowRenderers.
02/07/2014 01:02:49 (Std) 	WindowRendererFactory 'Falagard/Slider' added. (01E31098)
02/07/2014 01:02:49 (Std) 	Created WindowRendererFactory for 'Falagard/Static' WindowRenderers.
02/07/2014 01:02:49 (Std) 	WindowRendererFactory 'Falagard/Static' added. (01E31140)
02/07/2014 01:02:49 (Std) 	Created WindowRendererFactory for 'Falagard/StaticImage' WindowRenderers.
02/07/2014 01:02:49 (Std) 	WindowRendererFactory 'Falagard/StaticImage' added. (01E311E8)
02/07/2014 01:02:49 (Std) 	Created WindowRendererFactory for 'Falagard/StaticText' WindowRenderers.
02/07/2014 01:02:49 (Std) 	WindowRendererFactory 'Falagard/StaticText' added. (01E31290)
02/07/2014 01:02:49 (Std) 	Created WindowRendererFactory for 'Falagard/SystemButton' WindowRenderers.
02/07/2014 01:02:49 (Std) 	WindowRendererFactory 'Falagard/SystemButton' added. (05DC9648)
02/07/2014 01:02:49 (Std) 	Created WindowRendererFactory for 'Falagard/TabButton' WindowRenderers.
02/07/2014 01:02:49 (Std) 	WindowRendererFactory 'Falagard/TabButton' added. (05DC96F0)
02/07/2014 01:02:49 (Std) 	Created WindowRendererFactory for 'Falagard/TabControl' WindowRenderers.
02/07/2014 01:02:49 (Std) 	WindowRendererFactory 'Falagard/TabControl' added. (05DC9798)
02/07/2014 01:02:49 (Std) 	Created WindowRendererFactory for 'Falagard/Titlebar' WindowRenderers.
02/07/2014 01:02:49 (Std) 	WindowRendererFactory 'Falagard/Titlebar' added. (05DC9840)
02/07/2014 01:02:49 (Std) 	Created WindowRendererFactory for 'Falagard/ToggleButton' WindowRenderers.
02/07/2014 01:02:49 (Std) 	WindowRendererFactory 'Falagard/ToggleButton' added. (05DC98E8)
02/07/2014 01:02:49 (Std) 	Created WindowRendererFactory for 'Falagard/Tooltip' WindowRenderers.
02/07/2014 01:02:49 (Std) 	WindowRendererFactory 'Falagard/Tooltip' added. (05DC9990)
02/07/2014 01:02:49 (Std) 	Created WindowRendererFactory for 'Falagard/ItemListbox' WindowRenderers.
02/07/2014 01:02:49 (Std) 	WindowRendererFactory 'Falagard/ItemListbox' added. (05DC9A38)
02/07/2014 01:02:49 (Std) 	Created WindowRendererFactory for 'Falagard/Tree' WindowRenderers.
02/07/2014 01:02:49 (Std) 	WindowRendererFactory 'Falagard/Tree' added. (05DC9AE0)
02/07/2014 01:02:49 (Std) 	Creating falagard mapping for type 'TaharezLook/Button' using base type 'CEGUI/PushButton', window renderer 'Falagard/Button' Look'N'Feel 'TaharezLook/Button' and RenderEffect ''. (0018D694)
02/07/2014 01:02:49 (Std) 	Creating falagard mapping for type 'TaharezLook/Checkbox' using base type 'CEGUI/Checkbox', window renderer 'Falagard/ToggleButton' Look'N'Feel 'TaharezLook/Checkbox' and RenderEffect ''. (0018D694)
02/07/2014 01:02:49 (Std) 	Creating falagard mapping for type 'TaharezLook/ImageButton' using base type 'CEGUI/PushButton', window renderer 'Falagard/Button' Look'N'Feel 'TaharezLook/ImageButton' and RenderEffect ''. (0018D694)
02/07/2014 01:02:49 (Std) 	Creating falagard mapping for type 'TaharezLook/RadioButton' using base type 'CEGUI/RadioButton', window renderer 'Falagard/ToggleButton' Look'N'Feel 'TaharezLook/RadioButton' and RenderEffect ''. (0018D694)
02/07/2014 01:02:49 (Std) 	Creating falagard mapping for type 'TaharezLook/FrameWindow' using base type 'CEGUI/FrameWindow', window renderer 'Falagard/FrameWindow' Look'N'Feel 'TaharezLook/FrameWindow' and RenderEffect ''. (0018D694)
02/07/2014 01:02:49 (Std) 	Creating falagard mapping for type 'TaharezLook/Titlebar' using base type 'CEGUI/Titlebar', window renderer 'Falagard/Titlebar' Look'N'Feel 'TaharezLook/Titlebar' and RenderEffect ''. (0018D694)
02/07/2014 01:02:49 (Std) 	Creating falagard mapping for type 'TaharezLook/SystemButton' using base type 'CEGUI/PushButton', window renderer 'Falagard/Button' Look'N'Feel 'TaharezLook/Button' and RenderEffect ''. (0018D694)
02/07/2014 01:02:49 (Std) 	Creating falagard mapping for type 'TaharezLook/Editbox' using base type 'CEGUI/Editbox', window renderer 'Falagard/Editbox' Look'N'Feel 'TaharezLook/Editbox' and RenderEffect ''. (0018D694)
02/07/2014 01:02:49 (Std) 	Creating falagard mapping for type 'TaharezLook/MultiLineEditbox' using base type 'CEGUI/MultiLineEditbox', window renderer 'Falagard/MultiLineEditbox' Look'N'Feel 'TaharezLook/MultiLineEditbox' and RenderEffect ''. (0018D694)
02/07/2014 01:02:49 (Std) 	Creating falagard mapping for type 'TaharezLook/Menubar' using base type 'CEGUI/Menubar', window renderer 'Falagard/Menubar' Look'N'Feel 'TaharezLook/Menubar' and RenderEffect ''. (0018D694)
02/07/2014 01:02:49 (Std) 	Creating falagard mapping for type 'TaharezLook/PopupMenu' using base type 'CEGUI/PopupMenu', window renderer 'Falagard/PopupMenu' Look'N'Feel 'TaharezLook/PopupMenu' and RenderEffect ''. (0018D694)
02/07/2014 01:02:49 (Std) 	Creating falagard mapping for type 'TaharezLook/MenuItem' using base type 'CEGUI/MenuItem', window renderer 'Falagard/MenuItem' Look'N'Feel 'TaharezLook/MenuItem' and RenderEffect ''. (0018D694)
02/07/2014 01:02:49 (Std) 	Creating falagard mapping for type 'TaharezLook/AlternateProgressBar' using base type 'CEGUI/ProgressBar', window renderer 'Falagard/ProgressBar' Look'N'Feel 'TaharezLook/AltProgressBar' and RenderEffect ''. (0018D694)
02/07/2014 01:02:49 (Std) 	Creating falagard mapping for type 'TaharezLook/ProgressBar' using base type 'CEGUI/ProgressBar', window renderer 'Falagard/ProgressBar' Look'N'Feel 'TaharezLook/ProgressBar' and RenderEffect ''. (0018D694)
02/07/2014 01:02:49 (Std) 	Creating falagard mapping for type 'TaharezLook/VUMeter' using base type 'CEGUI/ProgressBar', window renderer 'Falagard/ProgressBar' Look'N'Feel 'TaharezLook/VUMeter' and RenderEffect ''. (0018D694)
02/07/2014 01:02:49 (Std) 	Creating falagard mapping for type 'TaharezLook/VerticalScrollbar' using base type 'CEGUI/Scrollbar', window renderer 'Falagard/Scrollbar' Look'N'Feel 'TaharezLook/VerticalScrollbar' and RenderEffect ''. (0018D694)
02/07/2014 01:02:49 (Std) 	Creating falagard mapping for type 'TaharezLook/HorizontalScrollbar' using base type 'CEGUI/Scrollbar', window renderer 'Falagard/Scrollbar' Look'N'Feel 'TaharezLook/HorizontalScrollbar' and RenderEffect ''. (0018D694)
02/07/2014 01:02:49 (Std) 	Creating falagard mapping for type 'TaharezLook/VerticalScrollbarThumb' using base type 'CEGUI/Thumb', window renderer 'Falagard/Button' Look'N'Feel 'TaharezLook/VerticalScrollbarThumb' and RenderEffect ''. (0018D694)
02/07/2014 01:02:49 (Std) 	Creating falagard mapping for type 'TaharezLook/HorizontalScrollbarThumb' using base type 'CEGUI/Thumb', window renderer 'Falagard/Button' Look'N'Feel 'TaharezLook/HorizontalScrollbarThumb' and RenderEffect ''. (0018D694)
02/07/2014 01:02:49 (Std) 	Creating falagard mapping for type 'TaharezLook/LargeVerticalScrollbar' using base type 'CEGUI/Scrollbar', window renderer 'Falagard/Scrollbar' Look'N'Feel 'TaharezLook/LargeVerticalScrollbar' and RenderEffect ''. (0018D694)
02/07/2014 01:02:49 (Std) 	Creating falagard mapping for type 'TaharezLook/LargeVerticalScrollbarThumb' using base type 'CEGUI/Thumb', window renderer 'Falagard/Button' Look'N'Feel 'TaharezLook/LargeVerticalScrollbarThumb' and RenderEffect ''. (0018D694)
02/07/2014 01:02:49 (Std) 	Creating falagard mapping for type 'TaharezLook/TabButton' using base type 'CEGUI/TabButton', window renderer 'Falagard/TabButton' Look'N'Feel 'TaharezLook/TabButton' and RenderEffect ''. (0018D694)
02/07/2014 01:02:49 (Std) 	Creating falagard mapping for type 'TaharezLook/TabControl' using base type 'CEGUI/TabControl', window renderer 'Falagard/TabControl' Look'N'Feel 'TaharezLook/TabControl' and RenderEffect ''. (0018D694)
02/07/2014 01:02:49 (Std) 	Creating falagard mapping for type 'TaharezLook/TabContentPane' using base type 'DefaultWindow', window renderer 'Falagard/Default' Look'N'Feel 'TaharezLook/TabContentPane' and RenderEffect ''. (0018D694)
02/07/2014 01:02:49 (Std) 	Creating falagard mapping for type 'TaharezLook/TabButtonPane' using base type 'DefaultWindow', window renderer 'Falagard/Default' Look'N'Feel 'TaharezLook/TabButtonPane' and RenderEffect ''. (0018D694)
02/07/2014 01:02:49 (Std) 	Creating falagard mapping for type 'TaharezLook/ComboDropList' using base type 'CEGUI/ComboDropList', window renderer 'Falagard/Listbox' Look'N'Feel 'TaharezLook/ComboDropList' and RenderEffect ''. (0018D694)
02/07/2014 01:02:49 (Std) 	Creating falagard mapping for type 'TaharezLook/ComboEditbox' using base type 'CEGUI/Editbox', window renderer 'Falagard/Editbox' Look'N'Feel 'TaharezLook/ComboEditbox' and RenderEffect ''. (0018D694)
02/07/2014 01:02:49 (Std) 	Creating falagard mapping for type 'TaharezLook/Combobox' using base type 'CEGUI/Combobox', window renderer 'Falagard/Default' Look'N'Feel 'TaharezLook/Combobox' and RenderEffect ''. (0018D694)
02/07/2014 01:02:49 (Std) 	Creating falagard mapping for type 'TaharezLook/Listbox' using base type 'CEGUI/Listbox', window renderer 'Falagard/Listbox' Look'N'Feel 'TaharezLook/Listbox' and RenderEffect ''. (0018D694)
02/07/2014 01:02:49 (Std) 	Creating falagard mapping for type 'TaharezLook/ListHeader' using base type 'CEGUI/ListHeader', window renderer 'Falagard/ListHeader' Look'N'Feel 'TaharezLook/ListHeader' and RenderEffect ''. (0018D694)
02/07/2014 01:02:49 (Std) 	Creating falagard mapping for type 'TaharezLook/ListHeaderSegment' using base type 'CEGUI/ListHeaderSegment', window renderer 'Falagard/ListHeaderSegment' Look'N'Feel 'TaharezLook/ListHeaderSegment' and RenderEffect ''. (0018D694)
02/07/2014 01:02:49 (Std) 	Creating falagard mapping for type 'TaharezLook/MultiColumnList' using base type 'CEGUI/MultiColumnList', window renderer 'Falagard/MultiColumnList' Look'N'Feel 'TaharezLook/MultiColumnList' and RenderEffect ''. (0018D694)
02/07/2014 01:02:49 (Std) 	Creating falagard mapping for type 'TaharezLook/Slider' using base type 'CEGUI/Slider', window renderer 'Falagard/Slider' Look'N'Feel 'TaharezLook/Slider' and RenderEffect ''. (0018D694)
02/07/2014 01:02:49 (Std) 	Creating falagard mapping for type 'TaharezLook/SliderThumb' using base type 'CEGUI/Thumb', window renderer 'Falagard/Button' Look'N'Feel 'TaharezLook/SliderThumb' and RenderEffect ''. (0018D694)
02/07/2014 01:02:49 (Std) 	Creating falagard mapping for type 'TaharezLook/ScrollablePane' using base type 'CEGUI/ScrollablePane', window renderer 'Falagard/ScrollablePane' Look'N'Feel 'TaharezLook/ScrollablePane' and RenderEffect ''. (0018D694)
02/07/2014 01:02:49 (Std) 	Creating falagard mapping for type 'TaharezLook/Spinner' using base type 'CEGUI/Spinner', window renderer 'Falagard/Default' Look'N'Feel 'TaharezLook/Spinner' and RenderEffect ''. (0018D694)
02/07/2014 01:02:49 (Std) 	Creating falagard mapping for type 'TaharezLook/Tooltip' using base type 'CEGUI/Tooltip', window renderer 'Falagard/Tooltip' Look'N'Feel 'TaharezLook/Tooltip' and RenderEffect ''. (0018D694)
02/07/2014 01:02:49 (Std) 	Creating falagard mapping for type 'TaharezLook/StaticImage' using base type 'DefaultWindow', window renderer 'Falagard/StaticImage' Look'N'Feel 'TaharezLook/StaticImage' and RenderEffect ''. (0018D694)
02/07/2014 01:02:49 (Std) 	Creating falagard mapping for type 'TaharezLook/StaticText' using base type 'DefaultWindow', window renderer 'Falagard/StaticText' Look'N'Feel 'TaharezLook/StaticText' and RenderEffect ''. (0018D694)
02/07/2014 01:02:49 (Std) 	Creating falagard mapping for type 'TaharezLook/ItemListbox' using base type 'CEGUI/ItemListbox', window renderer 'Falagard/ItemListbox' Look'N'Feel 'TaharezLook/ItemListbox' and RenderEffect ''. (0018D694)
02/07/2014 01:02:49 (Std) 	Creating falagard mapping for type 'TaharezLook/ListboxItem' using base type 'CEGUI/ItemEntry', window renderer 'Falagard/ItemEntry' Look'N'Feel 'TaharezLook/ListboxItem' and RenderEffect ''. (0018D694)
02/07/2014 01:02:49 (Std) 	Creating falagard mapping for type 'TaharezLook/GroupBox' using base type 'CEGUI/GroupBox', window renderer 'Falagard/Default' Look'N'Feel 'TaharezLook/GroupBox' and RenderEffect ''. (0018D694)
02/07/2014 01:02:49 (Std) 	Creating falagard mapping for type 'TaharezLook/Tree' using base type 'CEGUI/Tree', window renderer 'Falagard/Tree' Look'N'Feel 'TaharezLook/Tree' and RenderEffect ''. (0018D694)
02/07/2014 01:02:49 (Std) 	Started creation of Scheme from XML specification:
02/07/2014 01:02:49 (Std) 	---- CEGUI GUIScheme name: VanillaSkin
02/07/2014 01:02:49 (Std) 	Started creation of Imageset from XML specification:
02/07/2014 01:02:49 (Std) 	---- CEGUI Imageset name: Vanilla-Images
02/07/2014 01:02:49 (Std) 	---- Source texture file: vanilla.tga in resource group: (Default)
02/07/2014 01:02:49 (Std) 	===== Falagard 'root' element: look and feel parsing begins =====
02/07/2014 01:02:49 (Std) 	===== Look and feel parsing completed =====
02/07/2014 01:02:49 (Std) 	No window renderer factories specified for module 'CEGUIFalagardWRBase' - adding all available factories...
02/07/2014 01:02:49 (Std) 	Creating falagard mapping for type 'Vanilla/Titlebar' using base type 'CEGUI/Titlebar', window renderer 'Falagard/Titlebar' Look'N'Feel 'Vanilla/Titlebar' and RenderEffect ''. (0018D694)
02/07/2014 01:02:49 (Std) 	Creating falagard mapping for type 'Vanilla/Button' using base type 'CEGUI/PushButton', window renderer 'Falagard/Button' Look'N'Feel 'Vanilla/Button' and RenderEffect ''. (0018D694)
02/07/2014 01:02:49 (Std) 	Creating falagard mapping for type 'Vanilla/FrameWindow' using base type 'CEGUI/FrameWindow', window renderer 'Falagard/FrameWindow' Look'N'Feel 'Vanilla/FrameWindow' and RenderEffect ''. (0018D694)
02/07/2014 01:02:49 (Std) 	Creating falagard mapping for type 'Vanilla/Editbox' using base type 'CEGUI/Editbox', window renderer 'Falagard/Editbox' Look'N'Feel 'Vanilla/Editbox' and RenderEffect ''. (0018D694)
02/07/2014 01:02:49 (Std) 	Creating falagard mapping for type 'Vanilla/VerticalScrollbarThumb' using base type 'CEGUI/Thumb', window renderer 'Falagard/Button' Look'N'Feel 'Vanilla/VerticalScrollbarThumb' and RenderEffect ''. (0018D694)
02/07/2014 01:02:49 (Std) 	Creating falagard mapping for type 'Vanilla/VerticalScrollbar' using base type 'CEGUI/Scrollbar', window renderer 'Falagard/Scrollbar' Look'N'Feel 'Vanilla/VerticalScrollbar' and RenderEffect ''. (0018D694)
02/07/2014 01:02:49 (Std) 	Creating falagard mapping for type 'Vanilla/HorizontalScrollbarThumb' using base type 'CEGUI/Thumb', window renderer 'Falagard/Button' Look'N'Feel 'Vanilla/HorizontalScrollbarThumb' and RenderEffect ''. (0018D694)
02/07/2014 01:02:49 (Std) 	Creating falagard mapping for type 'Vanilla/HorizontalScrollbar' using base type 'CEGUI/Scrollbar', window renderer 'Falagard/Scrollbar' Look'N'Feel 'Vanilla/HorizontalScrollbar' and RenderEffect ''. (0018D694)
02/07/2014 01:02:49 (Std) 	Creating falagard mapping for type 'Vanilla/StaticImage' using base type 'DefaultWindow', window renderer 'Falagard/StaticImage' Look'N'Feel 'Vanilla/StaticImage' and RenderEffect ''. (0018D694)
02/07/2014 01:02:49 (Std) 	Creating falagard mapping for type 'Vanilla/StaticText' using base type 'DefaultWindow', window renderer 'Falagard/StaticText' Look'N'Feel 'Vanilla/StaticText' and RenderEffect ''. (0018D694)
02/07/2014 01:02:49 (Std) 	Creating falagard mapping for type 'Vanilla/Listbox' using base type 'CEGUI/Listbox', window renderer 'Falagard/Listbox' Look'N'Feel 'Vanilla/Listbox' and RenderEffect ''. (0018D694)
02/07/2014 01:02:49 (Std) 	Creating falagard mapping for type 'Vanilla/MultiLineEditbox' using base type 'CEGUI/MultiLineEditbox', window renderer 'Falagard/MultiLineEditbox' Look'N'Feel 'Vanilla/MultiLineEditbox' and RenderEffect ''. (0018D694)
02/07/2014 01:02:49 (Std) 	Creating falagard mapping for type 'Vanilla/ComboDropList' using base type 'CEGUI/ComboDropList', window renderer 'Falagard/Listbox' Look'N'Feel 'Vanilla/ComboDropList' and RenderEffect ''. (0018D694)
02/07/2014 01:02:49 (Std) 	Creating falagard mapping for type 'Vanilla/Combobox' using base type 'CEGUI/Combobox', window renderer 'Falagard/Default' Look'N'Feel 'Vanilla/Combobox' and RenderEffect ''. (0018D694)
02/07/2014 01:02:49 (Std) 	Creating falagard mapping for type 'Vanilla/ProgressBar' using base type 'CEGUI/ProgressBar', window renderer 'Falagard/ProgressBar' Look'N'Feel 'Vanilla/ProgressBar' and RenderEffect ''. (0018D694)
02/07/2014 01:02:49 (Std) 	Started creation of Scheme from XML specification:
02/07/2014 01:02:49 (Std) 	---- CEGUI GUIScheme name: WindowsLookSkin
02/07/2014 01:02:49 (Std) 	Started creation of Imageset from XML specification:
02/07/2014 01:02:49 (Std) 	---- CEGUI Imageset name: WindowsLook
02/07/2014 01:02:49 (Std) 	---- Source texture file: WindowsLook.tga in resource group: (Default)
02/07/2014 01:02:49 (Std) 	===== Falagard 'root' element: look and feel parsing begins =====
02/07/2014 01:02:49 (Std) 	===== Look and feel parsing completed =====
02/07/2014 01:02:49 (Std) 	No window renderer factories specified for module 'CEGUIFalagardWRBase' - adding all available factories...
02/07/2014 01:02:49 (Std) 	Creating falagard mapping for type 'WindowsLook/Button' using base type 'CEGUI/PushButton', window renderer 'Falagard/Button' Look'N'Feel 'WindowsLook/Button' and RenderEffect ''. (0018D694)
02/07/2014 01:02:49 (Std) 	Creating falagard mapping for type 'WindowsLook/Checkbox' using base type 'CEGUI/Checkbox', window renderer 'Falagard/ToggleButton' Look'N'Feel 'WindowsLook/Checkbox' and RenderEffect ''. (0018D694)
02/07/2014 01:02:49 (Std) 	Creating falagard mapping for type 'WindowsLook/IconButton' using base type 'CEGUI/PushButton', window renderer 'Falagard/Button' Look'N'Feel 'WindowsLook/IconButton' and RenderEffect ''. (0018D694)
02/07/2014 01:02:49 (Std) 	Creating falagard mapping for type 'WindowsLook/RadioButton' using base type 'CEGUI/RadioButton', window renderer 'Falagard/ToggleButton' Look'N'Feel 'WindowsLook/RadioButton' and RenderEffect ''. (0018D694)
02/07/2014 01:02:49 (Std) 	Creating falagard mapping for type 'WindowsLook/FrameWindow' using base type 'CEGUI/FrameWindow', window renderer 'Falagard/FrameWindow' Look'N'Feel 'WindowsLook/FrameWindow' and RenderEffect ''. (0018D694)
02/07/2014 01:02:49 (Std) 	Creating falagard mapping for type 'WindowsLook/Titlebar' using base type 'CEGUI/Titlebar', window renderer 'Falagard/Titlebar' Look'N'Feel 'WindowsLook/Titlebar' and RenderEffect ''. (0018D694)
02/07/2014 01:02:49 (Std) 	Creating falagard mapping for type 'WindowsLook/SystemButton' using base type 'CEGUI/PushButton', window renderer 'Falagard/Button' Look'N'Feel 'WindowsLook/SystemButton' and RenderEffect ''. (0018D694)
02/07/2014 01:02:49 (Std) 	Creating falagard mapping for type 'WindowsLook/Editbox' using base type 'CEGUI/Editbox', window renderer 'Falagard/Editbox' Look'N'Feel 'WindowsLook/Editbox' and RenderEffect ''. (0018D694)
02/07/2014 01:02:49 (Std) 	Creating falagard mapping for type 'WindowsLook/MultiLineEditbox' using base type 'CEGUI/MultiLineEditbox', window renderer 'Falagard/MultiLineEditbox' Look'N'Feel 'WindowsLook/MultiLineEditbox' and RenderEffect ''. (0018D694)
02/07/2014 01:02:49 (Std) 	Creating falagard mapping for type 'WindowsLook/Menubar' using base type 'CEGUI/Menubar', window renderer 'Falagard/Menubar' Look'N'Feel 'WindowsLook/Menubar' and RenderEffect ''. (0018D694)
02/07/2014 01:02:49 (Std) 	Creating falagard mapping for type 'WindowsLook/PopupMenu' using base type 'CEGUI/PopupMenu', window renderer 'Falagard/PopupMenu' Look'N'Feel 'WindowsLook/PopupMenu' and RenderEffect ''. (0018D694)
02/07/2014 01:02:49 (Std) 	Creating falagard mapping for type 'WindowsLook/MenuItem' using base type 'CEGUI/MenuItem', window renderer 'Falagard/MenuItem' Look'N'Feel 'WindowsLook/MenuItem' and RenderEffect ''. (0018D694)
02/07/2014 01:02:49 (Std) 	Creating falagard mapping for type 'WindowsLook/ProgressBar' using base type 'CEGUI/ProgressBar', window renderer 'Falagard/ProgressBar' Look'N'Feel 'WindowsLook/ProgressBar' and RenderEffect ''. (0018D694)
02/07/2014 01:02:49 (Std) 	Creating falagard mapping for type 'WindowsLook/VerticalScrollbar' using base type 'CEGUI/Scrollbar', window renderer 'Falagard/Scrollbar' Look'N'Feel 'WindowsLook/VerticalScrollbar' and RenderEffect ''. (0018D694)
02/07/2014 01:02:49 (Std) 	Creating falagard mapping for type 'WindowsLook/HorizontalScrollbar' using base type 'CEGUI/Scrollbar', window renderer 'Falagard/Scrollbar' Look'N'Feel 'WindowsLook/HorizontalScrollbar' and RenderEffect ''. (0018D694)
02/07/2014 01:02:49 (Std) 	Creating falagard mapping for type 'WindowsLook/VerticalScrollbarThumb' using base type 'CEGUI/Thumb', window renderer 'Falagard/Button' Look'N'Feel 'WindowsLook/VerticalScrollbarThumb' and RenderEffect ''. (0018D694)
02/07/2014 01:02:49 (Std) 	Creating falagard mapping for type 'WindowsLook/HorizontalScrollbarThumb' using base type 'CEGUI/Thumb', window renderer 'Falagard/Button' Look'N'Feel 'WindowsLook/HorizontalScrollbarThumb' and RenderEffect ''. (0018D694)
02/07/2014 01:02:49 (Std) 	Creating falagard mapping for type 'WindowsLook/TabButton' using base type 'CEGUI/TabButton', window renderer 'Falagard/TabButton' Look'N'Feel 'WindowsLook/TabButton' and RenderEffect ''. (0018D694)
02/07/2014 01:02:49 (Std) 	Creating falagard mapping for type 'WindowsLook/TabControl' using base type 'CEGUI/TabControl', window renderer 'Falagard/TabControl' Look'N'Feel 'WindowsLook/TabControl' and RenderEffect ''. (0018D694)
02/07/2014 01:02:49 (Std) 	Creating falagard mapping for type 'WindowsLook/TabContentPane' using base type 'DefaultWindow', window renderer 'Falagard/Default' Look'N'Feel 'WindowsLook/TabContentPane' and RenderEffect ''. (0018D694)
02/07/2014 01:02:49 (Std) 	Creating falagard mapping for type 'WindowsLook/TabButtonPane' using base type 'DefaultWindow', window renderer 'Falagard/Default' Look'N'Feel 'WindowsLook/TabButtonPane' and RenderEffect ''. (0018D694)
02/07/2014 01:02:49 (Std) 	Creating falagard mapping for type 'WindowsLook/ComboDropList' using base type 'CEGUI/ComboDropList', window renderer 'Falagard/Listbox' Look'N'Feel 'WindowsLook/ComboDropList' and RenderEffect ''. (0018D694)
02/07/2014 01:02:49 (Std) 	Creating falagard mapping for type 'WindowsLook/Combobox' using base type 'CEGUI/Combobox', window renderer 'Falagard/Default' Look'N'Feel 'WindowsLook/Combobox' and RenderEffect ''. (0018D694)
02/07/2014 01:02:49 (Std) 	Creating falagard mapping for type 'WindowsLook/Listbox' using base type 'CEGUI/Listbox', window renderer 'Falagard/Listbox' Look'N'Feel 'WindowsLook/Listbox' and RenderEffect ''. (0018D694)
02/07/2014 01:02:49 (Std) 	Creating falagard mapping for type 'WindowsLook/ListHeader' using base type 'CEGUI/ListHeader', window renderer 'Falagard/ListHeader' Look'N'Feel 'WindowsLook/ListHeader' and RenderEffect ''. (0018D694)
02/07/2014 01:02:49 (Std) 	Creating falagard mapping for type 'WindowsLook/ListHeaderSegment' using base type 'CEGUI/ListHeaderSegment', window renderer 'Falagard/ListHeaderSegment' Look'N'Feel 'WindowsLook/ListHeaderSegment' and RenderEffect ''. (0018D694)
02/07/2014 01:02:49 (Std) 	Creating falagard mapping for type 'WindowsLook/MultiColumnList' using base type 'CEGUI/MultiColumnList', window renderer 'Falagard/MultiColumnList' Look'N'Feel 'WindowsLook/MultiColumnList' and RenderEffect ''. (0018D694)
02/07/2014 01:02:49 (Std) 	Creating falagard mapping for type 'WindowsLook/Slider' using base type 'CEGUI/Slider', window renderer 'Falagard/Slider' Look'N'Feel 'WindowsLook/Slider' and RenderEffect ''. (0018D694)
02/07/2014 01:02:49 (Std) 	Creating falagard mapping for type 'WindowsLook/SliderThumb' using base type 'CEGUI/Thumb', window renderer 'Falagard/Button' Look'N'Feel 'WindowsLook/SliderThumb' and RenderEffect ''. (0018D694)
02/07/2014 01:02:49 (Std) 	Creating falagard mapping for type 'WindowsLook/ScrollablePane' using base type 'CEGUI/ScrollablePane', window renderer 'Falagard/ScrollablePane' Look'N'Feel 'WindowsLook/ScrollablePane' and RenderEffect ''. (0018D694)
02/07/2014 01:02:49 (Std) 	Creating falagard mapping for type 'WindowsLook/Spinner' using base type 'CEGUI/Spinner', window renderer 'Falagard/Default' Look'N'Feel 'WindowsLook/Spinner' and RenderEffect ''. (0018D694)
02/07/2014 01:02:49 (Std) 	Creating falagard mapping for type 'WindowsLook/Tooltip' using base type 'CEGUI/Tooltip', window renderer 'Falagard/Tooltip' Look'N'Feel 'WindowsLook/Tooltip' and RenderEffect ''. (0018D694)
02/07/2014 01:02:49 (Std) 	Creating falagard mapping for type 'WindowsLook/Static' using base type 'DefaultWindow', window renderer 'Falagard/Static' Look'N'Feel 'WindowsLook/Static' and RenderEffect ''. (0018D694)
02/07/2014 01:02:49 (Std) 	Creating falagard mapping for type 'WindowsLook/StaticImage' using base type 'DefaultWindow', window renderer 'Falagard/StaticImage' Look'N'Feel 'WindowsLook/StaticImage' and RenderEffect ''. (0018D694)
02/07/2014 01:02:49 (Std) 	Creating falagard mapping for type 'WindowsLook/StaticText' using base type 'DefaultWindow', window renderer 'Falagard/StaticText' Look'N'Feel 'WindowsLook/StaticText' and RenderEffect ''. (0018D694)
02/07/2014 01:02:49 (Std) 	Creating falagard mapping for type 'WindowsLook/ItemListbox' using base type 'CEGUI/ItemListbox', window renderer 'Falagard/ItemListbox' Look'N'Feel 'WindowsLook/ItemListbox' and RenderEffect ''. (0018D694)
02/07/2014 01:02:49 (Std) 	Creating falagard mapping for type 'WindowsLook/ListboxItem' using base type 'CEGUI/ItemEntry', window renderer 'Falagard/ItemEntry' Look'N'Feel 'WindowsLook/ListboxItem' and RenderEffect ''. (0018D694)
02/07/2014 01:02:49 (Std) 	Creating falagard mapping for type 'WindowsLook/GroupBox' using base type 'CEGUI/GroupBox', window renderer 'Falagard/Default' Look'N'Feel 'WindowsLook/GroupBox' and RenderEffect ''. (0018D694)
02/07/2014 01:02:49 (Std) 	Started creation of Scheme from XML specification:
02/07/2014 01:02:49 (Std) 	---- CEGUI GUIScheme name: TankSkin
02/07/2014 01:02:49 (Std) 	Started creation of Imageset from XML specification:
02/07/2014 01:02:49 (Std) 	---- CEGUI Imageset name: InfosImageSet
02/07/2014 01:02:49 (Std) 	---- Source texture file: InfoPanel.png in resource group: (Default)
02/07/2014 01:02:49 (Std) 	Started creation of Imageset from XML specification:
02/07/2014 01:02:49 (Std) 	---- CEGUI Imageset name: NormalImageSet
02/07/2014 01:02:49 (Std) 	---- Source texture file: Button.png in resource group: (Default)
02/07/2014 01:02:49 (Std) 	Started creation of Imageset from XML specification:
02/07/2014 01:02:49 (Std) 	---- CEGUI Imageset name: BackgroundImageSet
02/07/2014 01:02:49 (Std) 	---- Source texture file: background.JPG in resource group: (Default)
02/07/2014 01:02:49 (Std) 	Started creation of Imageset from XML specification:
02/07/2014 01:02:49 (Std) 	---- CEGUI Imageset name: LogoImageSet
02/07/2014 01:02:49 (Std) 	---- Source texture file: logo.png in resource group: (Default)
02/07/2014 01:02:50 (Std) 	Started creation of Imageset from XML specification:
02/07/2014 01:02:50 (Std) 	---- CEGUI Imageset name: WinnerImageSet
02/07/2014 01:02:50 (Std) 	---- Source texture file: Winner.png in resource group: (Default)
02/07/2014 01:02:50 (Std) 	Started creation of Imageset from XML specification:
02/07/2014 01:02:50 (Std) 	---- CEGUI Imageset name: LosterImageSet
02/07/2014 01:02:50 (Std) 	---- Source texture file: Loster.png in resource group: (Default)
02/07/2014 01:02:50 (Std) 	Started creation of Font from XML specification:
02/07/2014 01:02:50 (Std) 	---- CEGUI font name: BlueHighway-10
02/07/2014 01:02:50 (Std) 	----       Font type: FreeType
02/07/2014 01:02:50 (Std) 	----     Source file: bluehigh.ttf in resource group: (Default)
02/07/2014 01:02:50 (Std) 	---- Real point size: 20
02/07/2014 01:02:50 (Std) 	Started creation of Font from XML specification:
02/07/2014 01:02:50 (Std) 	---- CEGUI font name: FairChar
02/07/2014 01:02:50 (Std) 	----       Font type: Pixmap
02/07/2014 01:02:50 (Std) 	----     Source file: Font.imageset in resource group: (Default)
02/07/2014 01:02:50 (Std) 	Started creation of Imageset from XML specification:
02/07/2014 01:02:50 (Std) 	---- CEGUI Imageset name: Font
02/07/2014 01:02:50 (Std) 	---- Source texture file: InfoPanel.png in resource group: (Default)
02/07/2014 01:02:50 (Std) 	Started creation of Font from XML specification:
02/07/2014 01:02:50 (Std) 	---- CEGUI font name: digifaw
02/07/2014 01:02:50 (Std) 	----       Font type: FreeType
02/07/2014 01:02:50 (Std) 	----     Source file: digifaw.ttf in resource group: (Default)
02/07/2014 01:02:50 (Std) 	---- Real point size: 12
02/07/2014 01:02:50 (Std) 	Started creation of Scheme from XML specification:
02/07/2014 01:02:50 (Std) 	---- CEGUI GUIScheme name: OgreTray
02/07/2014 01:02:50 (Std) 	Started creation of Imageset from XML specification:
02/07/2014 01:02:50 (Std) 	---- CEGUI Imageset name: OgreTrayImages
02/07/2014 01:02:50 (Std) 	---- Source texture file: OgreTrayImages.png in resource group: (Default)
02/07/2014 01:02:50 (Std) 	Started creation of Font from XML specification:
02/07/2014 01:02:50 (Std) 	---- CEGUI font name: DejaVuSans-10
02/07/2014 01:02:50 (Std) 	----       Font type: FreeType
02/07/2014 01:02:50 (Std) 	----     Source file: DejaVuSans.ttf in resource group: (Default)
02/07/2014 01:02:50 (Std) 	---- Real point size: 10
02/07/2014 01:02:50 (Std) 	---- Returning existing instance of Font named 'DejaVuSans-10'.
02/07/2014 01:02:50 (Std) 	===== Falagard 'root' element: look and feel parsing begins =====
02/07/2014 01:02:50 (Std) 	===== Look and feel parsing completed =====
02/07/2014 01:02:50 (Std) 	No window renderer factories specified for module 'CEGUIFalagardWRBase' - adding all available factories...
02/07/2014 01:02:50 (Std) 	Creating falagard mapping for type 'OgreTray/Button' using base type 'CEGUI/PushButton', window renderer 'Falagard/Button' Look'N'Feel 'OgreTray/PushButton' and RenderEffect ''. (0018D694)
02/07/2014 01:02:50 (Std) 	Creating falagard mapping for type 'OgreTray/Titlebar' using base type 'CEGUI/Titlebar', window renderer 'Falagard/Titlebar' Look'N'Feel 'OgreTray/Titlebar' and RenderEffect ''. (0018D694)
02/07/2014 01:02:50 (Std) 	Creating falagard mapping for type 'OgreTray/FrameWindow' using base type 'CEGUI/FrameWindow', window renderer 'Falagard/FrameWindow' Look'N'Feel 'OgreTray/FrameWindow' and RenderEffect ''. (0018D694)
02/07/2014 01:02:50 (Std) 	Creating falagard mapping for type 'OgreTray/Thumb' using base type 'CEGUI/Thumb', window renderer 'Falagard/Button' Look'N'Feel 'OgreTray/Thumb' and RenderEffect ''. (0018D694)
02/07/2014 01:02:50 (Std) 	Creating falagard mapping for type 'OgreTray/VerticalScrollbar' using base type 'CEGUI/Scrollbar', window renderer 'Falagard/Scrollbar' Look'N'Feel 'OgreTray/VerticalScrollbar' and RenderEffect ''. (0018D694)
02/07/2014 01:02:50 (Std) 	Creating falagard mapping for type 'OgreTray/HorizontalScrollbar' using base type 'CEGUI/Scrollbar', window renderer 'Falagard/Scrollbar' Look'N'Feel 'OgreTray/HorizontalScrollbar' and RenderEffect ''. (0018D694)
02/07/2014 01:02:50 (Std) 	Creating falagard mapping for type 'OgreTray/StaticText' using base type 'DefaultWindow', window renderer 'Falagard/StaticText' Look'N'Feel 'OgreTray/StaticText' and RenderEffect ''. (0018D694)
02/07/2014 01:02:50 (Std) 	Creating falagard mapping for type 'OgreTray/Title' using base type 'DefaultWindow', window renderer 'Falagard/Default' Look'N'Feel 'OgreTray/MiniTray' and RenderEffect ''. (0018D694)
02/07/2014 01:02:50 (Std) 	Creating falagard mapping for type 'OgreTray/CaptionedStaticText' using base type 'DefaultWindow', window renderer 'Falagard/StaticText' Look'N'Feel 'OgreTray/CaptionedStaticText' and RenderEffect ''. (0018D694)
02/07/2014 01:02:50 (Std) 	Creating falagard mapping for type 'OgreTray/ProgressBar' using base type 'CEGUI/ProgressBar', window renderer 'Falagard/ProgressBar' Look'N'Feel 'OgreTray/ProgressBar' and RenderEffect ''. (0018D694)
02/07/2014 01:02:50 (Std) 	Creating falagard mapping for type 'OgreTray/Editbox' using base type 'CEGUI/Editbox', window renderer 'Falagard/Editbox' Look'N'Feel 'OgreTray/Editbox' and RenderEffect ''. (0018D694)
02/07/2014 01:02:50 (Std) 	Creating falagard mapping for type 'OgreTray/MultiLineEditbox' using base type 'CEGUI/MultiLineEditbox', window renderer 'Falagard/MultiLineEditbox' Look'N'Feel 'OgreTray/MultiLineEditbox' and RenderEffect ''. (0018D694)
02/07/2014 01:02:50 (Std) 	Creating falagard mapping for type 'OgreTray/Listbox' using base type 'CEGUI/Listbox', window renderer 'Falagard/Listbox' Look'N'Feel 'OgreTray/Listbox' and RenderEffect ''. (0018D694)
02/07/2014 01:02:50 (Std) 	Creating falagard mapping for type 'OgreTray/ComboDropList' using base type 'CEGUI/ComboDropList', window renderer 'Falagard/Listbox' Look'N'Feel 'OgreTray/Listbox' and RenderEffect ''. (0018D694)
02/07/2014 01:02:50 (Std) 	Creating falagard mapping for type 'OgreTray/Combobox' using base type 'CEGUI/Combobox', window renderer 'Falagard/Default' Look'N'Feel 'OgreTray/Combobox' and RenderEffect ''. (0018D694)
02/07/2014 01:02:50 (Std) 	Creating falagard mapping for type 'OgreTray/DropDownMenu' using base type 'CEGUI/Combobox', window renderer 'Falagard/Default' Look'N'Feel 'OgreTray/DropDownMenu' and RenderEffect ''. (0018D694)
02/07/2014 01:02:50 (Std) 	Creating falagard mapping for type 'OgreTray/Group' using base type 'DefaultWindow', window renderer 'Falagard/Default' Look'N'Feel 'OgreTray/Group' and RenderEffect ''. (0018D694)
02/07/2014 01:02:50 (Std) 	Creating falagard mapping for type 'OgreTray/Checkbox' using base type 'CEGUI/Checkbox', window renderer 'Falagard/ToggleButton' Look'N'Feel 'OgreTray/Checkbox' and RenderEffect ''. (0018D694)
02/07/2014 01:02:50 (Std) 	Creating falagard mapping for type 'OgreTray/RadioButton' using base type 'CEGUI/RadioButton', window renderer 'Falagard/ToggleButton' Look'N'Feel 'OgreTray/RadioButton' and RenderEffect ''. (0018D694)
02/07/2014 01:02:50 (Std) 	Creating falagard mapping for type 'OgreTray/Slider' using base type 'CEGUI/Slider', window renderer 'Falagard/Slider' Look'N'Feel 'OgreTray/Slider' and RenderEffect ''. (0018D694)
02/07/2014 01:02:50 (Std) 	Creating falagard mapping for type 'OgreTray/StaticImage' using base type 'DefaultWindow', window renderer 'Falagard/StaticImage' Look'N'Feel 'OgreTray/StaticImage' and RenderEffect ''. (0018D694)
02/07/2014 01:02:50 (Std) 	Creating falagard mapping for type 'OgreTray/AltStaticImage' using base type 'DefaultWindow', window renderer 'Falagard/Default' Look'N'Feel 'OgreTray/AltStaticImage' and RenderEffect ''. (0018D694)
02/07/2014 01:02:50 (Std) 	Creating falagard mapping for type 'OgreTray/Tooltip' using base type 'CEGUI/Tooltip', window renderer 'Falagard/Tooltip' Look'N'Feel 'OgreTray/Tooltip' and RenderEffect ''. (0018D694)
02/07/2014 01:02:50 (Std) 	Creating falagard mapping for type 'OgreTray/ItemListbox' using base type 'CEGUI/ItemListbox', window renderer 'Falagard/ItemListbox' Look'N'Feel 'OgreTray/ItemListbox' and RenderEffect ''. (0018D694)
02/07/2014 01:02:50 (Std) 	Creating falagard mapping for type 'OgreTray/ListboxItem' using base type 'CEGUI/ItemEntry', window renderer 'Falagard/ItemEntry' Look'N'Feel 'OgreTray/ListboxItem' and RenderEffect ''. (0018D694)
02/07/2014 01:02:50 (Std) 	Creating falagard mapping for type 'OgreTray/Spinner' using base type 'CEGUI/Spinner', window renderer 'Falagard/Default' Look'N'Feel 'OgreTray/Spinner' and RenderEffect ''. (0018D694)
02/07/2014 01:02:50 (Std) 	Creating falagard mapping for type 'OgreTray/ScrollablePane' using base type 'CEGUI/ScrollablePane', window renderer 'Falagard/ScrollablePane' Look'N'Feel 'OgreTray/ScrollablePane' and RenderEffect ''. (0018D694)
02/07/2014 01:02:50 (Std) 	Creating falagard mapping for type 'OgreTray/ListHeaderSegment' using base type 'CEGUI/ListHeaderSegment', window renderer 'Falagard/ListHeaderSegment' Look'N'Feel 'OgreTray/ListHeaderSegment' and RenderEffect ''. (0018D694)
02/07/2014 01:02:50 (Std) 	Creating falagard mapping for type 'OgreTray/ListHeader' using base type 'CEGUI/ListHeader', window renderer 'Falagard/ListHeader' Look'N'Feel 'OgreTray/ListHeader' and RenderEffect ''. (0018D694)
02/07/2014 01:02:50 (Std) 	Creating falagard mapping for type 'OgreTray/MultiColumnList' using base type 'CEGUI/MultiColumnList', window renderer 'Falagard/MultiColumnList' Look'N'Feel 'OgreTray/MultiColumnList' and RenderEffect ''. (0018D694)
02/07/2014 01:02:50 (Std) 	Creating falagard mapping for type 'OgreTray/MenuItem' using base type 'CEGUI/MenuItem', window renderer 'Falagard/MenuItem' Look'N'Feel 'OgreTray/MenuItem' and RenderEffect ''. (0018D694)
02/07/2014 01:02:50 (Std) 	Creating falagard mapping for type 'OgreTray/Menubar' using base type 'CEGUI/Menubar', window renderer 'Falagard/Menubar' Look'N'Feel 'OgreTray/Menubar' and RenderEffect ''. (0018D694)
02/07/2014 01:02:50 (Std) 	Creating falagard mapping for type 'OgreTray/PopupMenu' using base type 'CEGUI/PopupMenu', window renderer 'Falagard/PopupMenu' Look'N'Feel 'OgreTray/PopupMenu' and RenderEffect ''. (0018D694)
02/07/2014 01:02:50 (Std) 	Creating falagard mapping for type 'OgreTray/TabButton' using base type 'CEGUI/TabButton', window renderer 'Falagard/TabButton' Look'N'Feel 'OgreTray/TabButton' and RenderEffect ''. (0018D694)
02/07/2014 01:02:50 (Std) 	Creating falagard mapping for type 'OgreTray/TabButtonPane' using base type 'DefaultWindow', window renderer 'Falagard/Default' Look'N'Feel 'OgreTray/TabButtonPane' and RenderEffect ''. (0018D694)
02/07/2014 01:02:50 (Std) 	Creating falagard mapping for type 'OgreTray/TabContentPane' using base type 'DefaultWindow', window renderer 'Falagard/Default' Look'N'Feel 'OgreTray/TabContentPane' and RenderEffect ''. (0018D694)
02/07/2014 01:02:50 (Std) 	Creating falagard mapping for type 'OgreTray/TabControl' using base type 'CEGUI/TabControl', window renderer 'Falagard/TabControl' Look'N'Feel 'OgreTray/TabControl' and RenderEffect ''. (0018D694)
02/07/2014 01:02:50 (Std) 	Creating falagard mapping for type 'OgreTray/BG' using base type 'DefaultWindow', window renderer 'Falagard/Default' Look'N'Feel 'OgreTray/BGTest' and RenderEffect ''. (0018D694)
02/07/2014 01:02:50 (Std) 	---- Successfully completed loading of GUI layout from 'LogoUI.layout' ----
02/07/2014 01:02:50 (Std) 	Attempting to create Imageset 'digifaw_auto_glyph_images_ ' with texture only.
02/07/2014 01:02:51 (Std) 	---- Successfully completed loading of GUI layout from 'MenuUI.layout' ----
02/07/2014 01:02:51 (Std) 	Attempting to create Imageset 'DejaVuSans-10_auto_glyph_images_ ' with texture only.
02/07/2014 01:02:52 (Std) 	Attempting to create Imageset 'BlueHighway-10_auto_glyph_images_ ' with texture only.
02/07/2014 01:02:52 (Std) 	---- Successfully completed loading of GUI layout from 'ChooseMap.layout' ----
02/07/2014 01:02:53 (Std) 	Attempting to create Imageset 'map001' using image file 'map001.jpg'.
02/07/2014 01:02:53 (Std) 	Attempting to create Imageset 'map002' using image file 'map002.jpg'.
